dBASE PLUS Project Explorer Log: Untitled.log
Project name: test

=================================================================
COMPILE ALL process started: 02/03/2016 11:38:58
dBASE PLUS 10.3  b2497 (01/25/2016-EN160125)
Project Explorer b1063 (12/16/2015)
-----------------------------------------------------------------
Compile results for:
D:\GITHUB\DBLCORE\PROJECTEXP\PROJEXPWFMHEADER.PRG
0 warnings, 0 errors

Process completed at: 11:38:58 (0 seconds elapsed)
File compiles attempted: 1
File compile errors: 0
DEO files copied: 0


=================================================================
BUILD process started: 02/03/2016 11:39:23
dBASE PLUS 10.3  b2497 (01/25/2016-EN160125)
Project Explorer b1063 (12/16/2015)
-----------------------------------------------------------------
Process completed at: 11:39:23 (0 seconds elapsed)
File compiles attempted: 0
File compile errors: 0
DEO files copied: 0
Executable file: D:\GitHub\dBLCore\projectExp\test.exe
Executable file size: 149,492

